0 info it worked if it ends with ok
1 verbose cli [ '/usr/local/bin/node', '/usr/local/bin/npm', 'publish' ]
2 info using npm@1.1.65
3 info using node@v0.8.14
4 verbose publish [ '.' ]
5 verbose read json /Users/simonfletcher/dev/Launch/resources/js/node_modules/swanson/package.json
6 warn package.json Swanson@0.0.1 No README.md file found!
7 verbose cache add [ '.', null ]
8 silly cache add name=undefined spec="." args=[".",null]
9 verbose parsed url { pathname: '.', path: '.', href: '.' }
10 silly lockFile 3a52ce78- .
11 verbose lock . /Users/simonfletcher/.npm/3a52ce78-.lock
12 verbose read json package.json
13 verbose tar pack [ '/var/folders/vp/vwqp6xhn24539dkff6xtn1740000gn/T/npm-45944/1361484909856-0.21166686876676977/tmp.tgz',
13 verbose tar pack   '.' ]
14 verbose tarball /var/folders/vp/vwqp6xhn24539dkff6xtn1740000gn/T/npm-45944/1361484909856-0.21166686876676977/tmp.tgz
15 verbose folder .
16 info prepublish Swanson@0.0.1
17 silly lockFile b514e818-9856-0-21166686876676977-tmp-tgz /var/folders/vp/vwqp6xhn24539dkff6xtn1740000gn/T/npm-45944/1361484909856-0.21166686876676977/tmp.tgz
18 verbose lock /var/folders/vp/vwqp6xhn24539dkff6xtn1740000gn/T/npm-45944/1361484909856-0.21166686876676977/tmp.tgz /Users/simonfletcher/.npm/b514e818-9856-0-21166686876676977-tmp-tgz.lock
19 silly lockFile b514e818-9856-0-21166686876676977-tmp-tgz /var/folders/vp/vwqp6xhn24539dkff6xtn1740000gn/T/npm-45944/1361484909856-0.21166686876676977/tmp.tgz
20 verbose tar unpack /var/folders/vp/vwqp6xhn24539dkff6xtn1740000gn/T/npm-45944/1361484909856-0.21166686876676977/tmp.tgz
21 silly lockFile fa5ae28c-9856-0-21166686876676977-package /var/folders/vp/vwqp6xhn24539dkff6xtn1740000gn/T/npm-45944/1361484909856-0.21166686876676977/package
22 verbose lock /var/folders/vp/vwqp6xhn24539dkff6xtn1740000gn/T/npm-45944/1361484909856-0.21166686876676977/package /Users/simonfletcher/.npm/fa5ae28c-9856-0-21166686876676977-package.lock
23 silly gunzTarPerm modes [ '755', '644' ]
24 silly gunzTarPerm extractEntry package.json
25 silly gunzTarPerm extractEntry README.md
26 silly gunzTarPerm extractEntry index.js
27 verbose read json /var/folders/vp/vwqp6xhn24539dkff6xtn1740000gn/T/npm-45944/1361484909856-0.21166686876676977/package/package.json
28 silly lockFile fa5ae28c-9856-0-21166686876676977-package /var/folders/vp/vwqp6xhn24539dkff6xtn1740000gn/T/npm-45944/1361484909856-0.21166686876676977/package
29 verbose from cache /var/folders/vp/vwqp6xhn24539dkff6xtn1740000gn/T/npm-45944/1361484909856-0.21166686876676977/package/package.json
30 verbose tar pack [ '/Users/simonfletcher/.npm/Swanson/0.0.1/package.tgz',
30 verbose tar pack   '/var/folders/vp/vwqp6xhn24539dkff6xtn1740000gn/T/npm-45944/1361484909856-0.21166686876676977/package' ]
31 verbose tarball /Users/simonfletcher/.npm/Swanson/0.0.1/package.tgz
32 verbose folder /var/folders/vp/vwqp6xhn24539dkff6xtn1740000gn/T/npm-45944/1361484909856-0.21166686876676977/package
33 silly lockFile 261095ff-er-npm-Swanson-0-0-1-package-tgz /Users/simonfletcher/.npm/Swanson/0.0.1/package.tgz
34 verbose lock /Users/simonfletcher/.npm/Swanson/0.0.1/package.tgz /Users/simonfletcher/.npm/261095ff-er-npm-Swanson-0-0-1-package-tgz.lock
35 silly lockFile 261095ff-er-npm-Swanson-0-0-1-package-tgz /Users/simonfletcher/.npm/Swanson/0.0.1/package.tgz
36 silly lockFile e4216905-etcher-npm-Swanson-0-0-1-package /Users/simonfletcher/.npm/Swanson/0.0.1/package
37 verbose lock /Users/simonfletcher/.npm/Swanson/0.0.1/package /Users/simonfletcher/.npm/e4216905-etcher-npm-Swanson-0-0-1-package.lock
38 silly lockFile e4216905-etcher-npm-Swanson-0-0-1-package /Users/simonfletcher/.npm/Swanson/0.0.1/package
39 verbose tar unpack /Users/simonfletcher/.npm/Swanson/0.0.1/package.tgz
40 silly lockFile e4216905-etcher-npm-Swanson-0-0-1-package /Users/simonfletcher/.npm/Swanson/0.0.1/package
41 verbose lock /Users/simonfletcher/.npm/Swanson/0.0.1/package /Users/simonfletcher/.npm/e4216905-etcher-npm-Swanson-0-0-1-package.lock
42 silly gunzTarPerm modes [ '755', '644' ]
43 silly gunzTarPerm extractEntry package.json
44 silly gunzTarPerm extractEntry README.md
45 silly gunzTarPerm extractEntry index.js
46 verbose read json /Users/simonfletcher/.npm/Swanson/0.0.1/package/package.json
47 silly lockFile e4216905-etcher-npm-Swanson-0-0-1-package /Users/simonfletcher/.npm/Swanson/0.0.1/package
48 silly shasum updated bytes 957
49 info shasum ca717e60c5f913f084217f9cfd21cbc116f2a3f6
49 info shasum /Users/simonfletcher/.npm/Swanson/0.0.1/package.tgz
50 verbose from cache /Users/simonfletcher/.npm/Swanson/0.0.1/package/package.json
51 verbose chmod /Users/simonfletcher/.npm/Swanson/0.0.1/package.tgz 644
52 verbose chown /Users/simonfletcher/.npm/Swanson/0.0.1/package.tgz [ 501, 20 ]
53 silly lockFile 3a52ce78- .
54 silly publish { name: 'Swanson',
54 silly publish   version: '0.0.1',
54 silly publish   contributors: [ { name: 'Simon Fletcher' } ],
54 silly publish   dependencies: { handlebars: '~1.0.9', jquery: '~1.8.3' },
54 silly publish   readme: 'ERROR: No README.md file found!',
54 silly publish   readmeFilename: 'README.md',
54 silly publish   _id: 'Swanson@0.0.1',
54 silly publish   description: 'ERROR: No README.md file found!',
54 silly publish   dist: { shasum: 'ca717e60c5f913f084217f9cfd21cbc116f2a3f6' } }
55 verbose url raw Swanson
56 verbose url resolving [ 'https://registry.npmjs.org/', './Swanson' ]
57 verbose url resolved https://registry.npmjs.org/Swanson
58 info trying registry request attempt 1 at 22:15:10
59 http PUT https://registry.npmjs.org/Swanson
60 http 403 https://registry.npmjs.org/Swanson
61 error publish Failed PUT response 403
62 error Error: forbidden New packages must have all-lowercase names: Swanson
62 error     at RegClient.<anonymous> (/usr/local/lib/node_modules/npm/node_modules/npm-registry-client/lib/request.js:259:14)
62 error     at Request.init.self.callback (/usr/local/lib/node_modules/npm/node_modules/request/main.js:120:22)
62 error     at Request.EventEmitter.emit (events.js:99:17)
62 error     at Request.<anonymous> (/usr/local/lib/node_modules/npm/node_modules/request/main.js:648:16)
62 error     at Request.EventEmitter.emit (events.js:126:20)
62 error     at IncomingMessage.Request.start.self.req.self.httpModule.request.buffer (/usr/local/lib/node_modules/npm/node_modules/request/main.js:610:14)
62 error     at IncomingMessage.EventEmitter.emit (events.js:126:20)
62 error     at IncomingMessage._emitEnd (http.js:366:10)
62 error     at HTTPParser.parserOnMessageComplete [as onMessageComplete] (http.js:149:23)
62 error     at CleartextStream.socketOnData [as ondata] (http.js:1367:20)
63 error If you need help, you may report this log at:
63 error     <http://github.com/isaacs/npm/issues>
63 error or email it to:
63 error     <npm-@googlegroups.com>
64 error System Darwin 12.2.0
65 error command "/usr/local/bin/node" "/usr/local/bin/npm" "publish"
66 error cwd /Users/simonfletcher/dev/Launch/resources/js/node_modules/swanson
67 error node -v v0.8.14
68 error npm -v 1.1.65
69 verbose exit [ 1, true ]
